<?xml version="1.0" encoding="UTF-8" ?>
<testsuite failures="1" time="2.055" errors="0" skipped="0" tests="15" name="TestSuite">
  <properties>
    <property name="java.runtime.name" value="Java(TM) SE Runtime Environment"/>
    <property name="sun.boot.library.path" value="C:\Program Files\Java\jre7\bin"/>
    <property name="java.vm.version" value="24.65-b04"/>
    <property name="java.vm.vendor" value="Oracle Corporation"/>
    <property name="java.vendor.url" value="http://java.oracle.com/"/>
    <property name="path.separator" value=";"/>
    <property name="guice.disable.misplaced.annotation.check" value="true"/>
    <property name="java.vm.name" value="Java HotSpot(TM) 64-Bit Server VM"/>
    <property name="file.encoding.pkg" value="sun.io"/>
    <property name="user.script" value=""/>
    <property name="user.country" value="US"/>
    <property name="sun.java.launcher" value="SUN_STANDARD"/>
    <property name="sun.os.patch.level" value=""/>
    <property name="java.vm.specification.name" value="Java Virtual Machine Specification"/>
    <property name="user.dir" value="C:\Users\Olha_Yeremenko\workspace\Game"/>
    <property name="java.runtime.version" value="1.7.0_67-b01"/>
    <property name="java.awt.graphicsenv" value="sun.awt.Win32GraphicsEnvironment"/>
    <property name="java.endorsed.dirs" value="C:\Program Files\Java\jre7\lib\endorsed"/>
    <property name="os.arch" value="amd64"/>
    <property name="java.io.tmpdir" value="C:\Users\OLHA_Y~1\AppData\Local\Temp\"/>
    <property name="line.separator" value="
"/>
    <property name="java.vm.specification.vendor" value="Oracle Corporation"/>
    <property name="user.variant" value=""/>
    <property name="os.name" value="Windows 8.1"/>
    <property name="classworlds.conf" value="C:\Users\Olha_Yeremenko\workspace\.metadata\.plugins\org.eclipse.m2e.launching\launches\m2conf8201044853950072035.tmp"/>
    <property name="sun.jnu.encoding" value="Cp1251"/>
    <property name="java.library.path" value="C:\Program Files\Java\jre7\bin;C:\WINDOWS\Sun\Java\bin;C:\WINDOWS\system32;C:\WINDOWS;C:/Program Files/Java/jre1.8.0_45/bin/server;C:/Program Files/Java/jre1.8.0_45/bin;C:/Program Files/Java/jre1.8.0_45/lib/amd64;C:\ProgramData\Oracle\Java\javapath;C:\WINDOWS\system32;C:\WINDOWS;C:\WINDOWS\System32\Wbem;C:\WINDOWS\System32\WindowsPowerShell\v1.0\;C:\WINDOWS\idmu\common;C:\Program Files\TortoiseSVN\bin; C:\Program Files (x86)\Java\jdk1.7.0_67\bin;C:\Program Files\nodejs\;C:\Program Files\Java\jdk1.8.0_45\bin;C:\apache-maven-3.3.3\bin;C:\WINDOWS\system32;C:\WINDOWS;C:\WINDOWS\System32\Wbem;C:\WINDOWS\System32\WindowsPowerShell\v1.0\;C:\WINDOWS\idmu\common;C:\Program Files\TortoiseSVN\bin; C:\Program Files (x86)\Java\jdk1.7.0_67\bin;C:\Users\Olha_Yeremenko\AppData\Roaming\npm;C:\Program Files\Java\jdk1.8.0_45\bin;;D:\Yeremenko\APP\eclipse-java-kepler-SR2-win32-x86_64\eclipse;;."/>
    <property name="java.specification.name" value="Java Platform API Specification"/>
    <property name="java.class.version" value="51.0"/>
    <property name="sun.management.compiler" value="HotSpot 64-Bit Tiered Compilers"/>
    <property name="os.version" value="6.3"/>
    <property name="user.home" value="C:\Users\Olha_Yeremenko"/>
    <property name="user.timezone" value="Europe/Helsinki"/>
    <property name="java.awt.printerjob" value="sun.awt.windows.WPrinterJob"/>
    <property name="java.specification.version" value="1.7"/>
    <property name="file.encoding" value="Cp1251"/>
    <property name="user.name" value="Olha_Yeremenko"/>
    <property name="java.class.path" value="/D:/Yeremenko/APP/eclipse-java-kepler-SR2-win32-x86_64/eclipse/configuration/org.eclipse.osgi/bundles/233/1/.cp/jars/plexus-classworlds-2.4.jar"/>
    <property name="java.vm.specification.version" value="1.7"/>
    <property name="sun.arch.data.model" value="64"/>
    <property name="java.home" value="C:\Program Files\Java\jre7"/>
    <property name="sun.java.command" value="org.codehaus.plexus.classworlds.launcher.Launcher -B test"/>
    <property name="java.specification.vendor" value="Oracle Corporation"/>
    <property name="user.language" value="en"/>
    <property name="awt.toolkit" value="sun.awt.windows.WToolkit"/>
    <property name="java.vm.info" value="mixed mode"/>
    <property name="java.version" value="1.7.0_67"/>
    <property name="java.ext.dirs" value="C:\Program Files\Java\jre7\lib\ext;C:\WINDOWS\Sun\Java\lib\ext"/>
    <property name="sun.boot.class.path" value="C:\Program Files\Java\jre7\lib\resources.jar;C:\Program Files\Java\jre7\lib\rt.jar;C:\Program Files\Java\jre7\lib\sunrsasign.jar;C:\Program Files\Java\jre7\lib\jsse.jar;C:\Program Files\Java\jre7\lib\jce.jar;C:\Program Files\Java\jre7\lib\charsets.jar;C:\Program Files\Java\jre7\lib\jfr.jar;C:\Program Files\Java\jre7\classes"/>
    <property name="java.vendor" value="Oracle Corporation"/>
    <property name="maven.home" value="C:\Users\Olha_Yeremenko\workspace\Game\EMBEDDED"/>
    <property name="file.separator" value="\"/>
    <property name="java.vendor.url.bug" value="http://bugreport.sun.com/bugreport/"/>
    <property name="maven.bootclasspath" value="/D:/Yeremenko/APP/eclipse-java-kepler-SR2-win32-x86_64/eclipse/configuration/org.eclipse.osgi/bundles/233/1/.cp/jars/plexus-classworlds-2.4.jar"/>
    <property name="sun.cpu.endian" value="little"/>
    <property name="sun.io.unicode.encoding" value="UnicodeLittle"/>
    <property name="sun.desktop" value="windows"/>
    <property name="sun.cpu.isalist" value="amd64"/>
  </properties>
  <testcase time="0.001" classname="game.GameHandlerTest" name="getFirstTest"/>
  <testcase time="0" classname="game.GameHandlerTest" name="getFirstTest"/>
  <testcase time="0" classname="game.GameHandlerTest" name="getFirstTest"/>
  <testcase time="0.042" classname="game.GameHandlerTest" name="getLastTest"/>
  <testcase time="0.001" classname="game.GameHandlerTest" name="getLastTest"/>
  <testcase time="0" classname="game.GameHandlerTest" name="getLastTest"/>
  <testcase time="0.334" classname="game.GameHandlerTest" name="testBD">
    <failure type="java.lang.NullPointerException">java.lang.NullPointerException
	at game.GameHandlerTest.testBD(GameHandlerTest.java:89)
</failure>
    <system-out>ffff
</system-out>
  </testcase>
  <testcase time="0" classname="game.GameTest" name="f"/>
  <testcase time="0" classname="game.GameTest" name="f"/>
  <testcase time="0" classname="player.NewTest" name="f"/>
  <testcase time="0" classname="player.NewTest" name="f"/>
  <testcase time="0" classname="player.NewTest" name="test"/>
  <testcase time="0.001" classname="cities.parsers.ParserTest" name="f"/>
  <testcase time="0" classname="cities.parsers.ParserTest" name="f"/>
  <testcase time="0" classname="cities.parsers.ParserTest" name="parserTest"/>
</testsuite>