<?xml version="1.0" encoding="UTF-8"?>
<!-- Generated by org.testng.reporters.JUnitReportReporter -->
<testsuite hostname="EPUAKHAW0730" name="game.GameHandlerTest" tests="7" failures="0" timestamp="20 May 2015 07:24:27 GMT" time="0.120" errors="0">
  <testcase name="getLastTest" time="0.001" classname="game.GameHandlerTest"/>
  <testcase name="getLastTest" time="0.062" classname="game.GameHandlerTest"/>
  <testcase name="getFirstTest" time="0.001" classname="game.GameHandlerTest"/>
  <testcase name="getLastTest" time="0.002" classname="game.GameHandlerTest"/>
  <testcase name="getFirstTest" time="0.051" classname="game.GameHandlerTest"/>
  <testcase name="getFirstTest" time="0.002" classname="game.GameHandlerTest"/>
  <testcase name="testBD" time="0.001" classname="game.GameHandlerTest"/>
</testsuite> <!-- game.GameHandlerTest -->
