<?xml version="1.0" encoding="UTF-8"?>
<!-- Generated by org.testng.reporters.JUnitReportReporter -->
<testsuite hostname="EPUAKHAW0730" name="game.GameTest" tests="3" failures="0" timestamp="21 May 2015 14:58:07 GMT" time="0.054" errors="0">
  <testcase name="f" time="0.001" classname="game.GameTest"/>
  <testcase name="test" time="0.000" classname="game.GameTest"/>
  <testcase name="f" time="0.053" classname="game.GameTest"/>
</testsuite> <!-- game.GameTest -->
