<?xml version="1.0" encoding="UTF-8"?>
<!-- Generated by org.testng.reporters.JUnitReportReporter -->
<testsuite hostname="EPUAKHAW0730" name="player.NewTest" tests="3" failures="0" timestamp="19 May 2015 17:26:41 GMT" time="0.000" errors="0">
  <testcase name="f" time="0.000" classname="player.NewTest"/>
  <testcase name="f" time="0.000" classname="player.NewTest"/>
  <testcase name="test" time="0.000" classname="player.NewTest"/>
</testsuite> <!-- player.NewTest -->
